Unity Editor version:    2022.3.12f1 (4fe6e059c7ef)
Branch:                  2022.3/release
Build type:              Release
Batch mode:              YES
macOS version:           Version 14.1.2 (Build 23B92)
Darwin version:          23.1.0
Architecture:            arm64
Running under Rosetta:   NO
Available memory:        32768 MB
Using pre-set license
Pro License: YES

COMMAND LINE ARGUMENTS:
/Applications/Unity/Hub/Editor/2022.3.12f1/Unity.app/Contents/MacOS/Unity
-adb2
-batchMode
-noUpm
-name
AssetImportWorker1
-projectPath
/Users/juangonzalez352/Documents/GitHub/Final-Fall-Semester/Final mini game/final mini game
-logFile
Logs/AssetImportWorker1.log
-srvPort
49577
Successfully changed project path to: /Users/juangonzalez352/Documents/GitHub/Final-Fall-Semester/Final mini game/final mini game
/Users/juangonzalez352/Documents/GitHub/Final-Fall-Semester/Final mini game/final mini game
[UnityMemory] Configuration Parameters - Can be set up in boot.config
    "memorysetup-bucket-allocator-granularity=16"
    "memorysetup-bucket-allocator-bucket-count=8"
    "memorysetup-bucket-allocator-block-size=33554432"
    "memorysetup-bucket-allocator-block-count=8"
    "memorysetup-main-allocator-block-size=16777216"
    "memorysetup-thread-allocator-block-size=16777216"
    "memorysetup-gfx-main-allocator-block-size=16777216"
    "memorysetup-gfx-thread-allocator-block-size=16777216"
    "memorysetup-cache-allocator-block-size=4194304"
    "memorysetup-typetree-allocator-block-size=2097152"
    "memorysetup-profiler-bucket-allocator-granularity=16"
    "memorysetup-profiler-bucket-allocator-bucket-count=8"
    "memorysetup-profiler-bucket-allocator-block-size=33554432"
    "memorysetup-profiler-bucket-allocator-block-count=8"
    "memorysetup-profiler-allocator-block-size=16777216"
    "memorysetup-profiler-editor-allocator-block-size=1048576"
    "memorysetup-temp-allocator-size-main=16777216"
    "memorysetup-job-temp-allocator-block-size=2097152"
    "memorysetup-job-temp-allocator-block-size-background=1048576"
    "memorysetup-job-temp-allocator-reduction-small-platforms=262144"
    "memorysetup-allocator-temp-initial-block-size-main=262144"
    "memorysetup-allocator-temp-initial-block-size-worker=262144"
    "memorysetup-temp-allocator-size-background-worker=32768"
    "memorysetup-temp-allocator-size-job-worker=262144"
    "memorysetup-temp-allocator-size-preload-manager=33554432"
    "memorysetup-temp-allocator-size-nav-mesh-worker=65536"
    "memorysetup-temp-allocator-size-audio-worker=65536"
    "memorysetup-temp-allocator-size-cloud-worker=32768"
    "memorysetup-temp-allocator-size-gi-baking-worker=262144"
    "memorysetup-temp-allocator-size-gfx=262144"
Player connection [8138432192] Host "[IP] 10.94.11.253 [Port] 0 [Flags] 2 [Guid] 2020957026 [EditorId] 2020957026 [Version] 1048832 [Id] OSXEditor(0,mac-studio.rusd.edu) [Debug] 1 [PackageName] OSXEditor [ProjectName] Editor" joined multi-casting on [225.0.0.222:54997]...

Player connection [8138432192] Host "[IP] 10.94.11.253 [Port] 0 [Flags] 2 [Guid] 2020957026 [EditorId] 2020957026 [Version] 1048832 [Id] OSXEditor(0,mac-studio.rusd.edu) [Debug] 1 [PackageName] OSXEditor [ProjectName] Editor" joined alternative multi-casting on [225.0.0.222:34997]...

[Physics::Module] Initialized MultithreadedJobDispatcher with 11 workers.
Refreshing native plugins compatible for Editor in 1.83 ms, found 2 plugins.
Preloading 0 native plugins for Editor in 0.00 ms.
Initialize engine version: 2022.3.12f1 (4fe6e059c7ef)
[Subsystems] Discovering subsystems at path /Applications/Unity/Hub/Editor/2022.3.12f1/Unity.app/Contents/Resources/UnitySubsystems
[Subsystems] Discovering subsystems at path /Users/juangonzalez352/Documents/GitHub/Final-Fall-Semester/Final mini game/final mini game/Assets
GfxDevice: creating device client; threaded=0; jobified=0
 preferred device: Apple M2 Max (high power)
Metal devices available: 1
0: Apple M2 Max (high power)
Using device Apple M2 Max (high power)
Initializing Metal device caps: Apple M2 Max
Initialize mono
Mono path[0] = '/Applications/Unity/Hub/Editor/2022.3.12f1/Unity.app/Contents/Managed'
Mono path[1] = '/Applications/Unity/Hub/Editor/2022.3.12f1/Unity.app/Contents/MonoBleedingEdge/lib/mono/unityjit-macos'
Mono config path = '/Applications/Unity/Hub/Editor/2022.3.12f1/Unity.app/Contents/MonoBleedingEdge/etc'
Using monoOptions --debugger-agent=transport=dt_socket,embedding=1,server=y,suspend=n,address=127.0.0.1:56185
Begin MonoManager ReloadAssembly
Registering precompiled unity dll's ...
Register platform support module: /Applications/Unity/Hub/Editor/2022.3.12f1/PlaybackEngines/WebGLSupport/UnityEditor.WebGL.Extensions.dll
Register platform support module: /Applications/Unity/Hub/Editor/2022.3.12f1/Unity.app/Contents/PlaybackEngines/MacStandaloneSupport/UnityEditor.OSXStandalone.Extensions.dll
Registered in 0.000922 seconds.
- Loaded All Assemblies, in  0.172 seconds
Native extension for OSXStandalone target not found
Native extension for WebGL target not found
Mono: successfully reloaded assembly
- Finished resetting the current domain, in  0.131 seconds
Domain Reload Profiling: 303ms
	BeginReloadAssembly (39ms)
		ExecutionOrderSort (0ms)
		DisableScriptedObjects (0ms)
		BackupInstance (0ms)
		ReleaseScriptingObjects (0ms)
		CreateAndSetChildDomain (0ms)
	RebuildCommonClasses (20ms)
	RebuildNativeTypeToScriptingClass (7ms)
	initialDomainReloadingComplete (25ms)
	LoadAllAssembliesAndSetupDomain (81ms)
		LoadAssemblies (39ms)
		RebuildTransferFunctionScriptingTraits (0ms)
		AnalyzeDomain (80ms)
			TypeCache.Refresh (79ms)
				TypeCache.ScanAssembly (72ms)
			ScanForSourceGeneratedMonoScriptInfo (0ms)
			ResolveRequiredComponents (0ms)
	FinalizeReload (131ms)
		ReleaseScriptCaches (0ms)
		RebuildScriptCaches (0ms)
		SetupLoadedEditorAssemblies (97ms)
			LogAssemblyErrors (0ms)
			InitializePlatformSupportModulesInManaged (4ms)
			SetLoadedEditorAssemblies (3ms)
			RefreshPlugins (0ms)
			BeforeProcessingInitializeOnLoad (1ms)
			ProcessInitializeOnLoadAttributes (66ms)
			ProcessInitializeOnLoadMethodAttributes (23ms)
			AfterProcessingInitializeOnLoad (0ms)
			EditorAssembliesLoaded (0ms)
		ExecutionOrderSort2 (0ms)
		AwakeInstancesAfterBackupRestoration (0ms)
========================================================================
Worker process is ready to serve import requests
Begin MonoManager ReloadAssembly
- Loaded All Assemblies, in  0.293 seconds
Refreshing native plugins compatible for Editor in 0.72 ms, found 2 plugins.
Native extension for OSXStandalone target not found
Native extension for WebGL target not found
Package Manager log level set to [2]
[Package Manager] Server::EnsureServerProcessIsRunning -- launch failed, reason: Unity was launched with the -noUpm command-line argument
[Package Manager] UpmClient::Send -- Unable to send message (not connected to UPM process).
[Package Manager] Cannot connect to Unity Package Manager local server
Mono: successfully reloaded assembly
- Finished resetting the current domain, in  0.273 seconds
Domain Reload Profiling: 566ms
	BeginReloadAssembly (63ms)
		ExecutionOrderSort (0ms)
		DisableScriptedObjects (3ms)
		BackupInstance (0ms)
		ReleaseScriptingObjects (0ms)
		CreateAndSetChildDomain (16ms)
	RebuildCommonClasses (21ms)
	RebuildNativeTypeToScriptingClass (7ms)
	initialDomainReloadingComplete (19ms)
	LoadAllAssembliesAndSetupDomain (183ms)
		LoadAssemblies (109ms)
		RebuildTransferFunctionScriptingTraits (0ms)
		AnalyzeDomain (100ms)
			TypeCache.Refresh (91ms)
				TypeCache.ScanAssembly (82ms)
			ScanForSourceGeneratedMonoScriptInfo (6ms)
			ResolveRequiredComponents (2ms)
	FinalizeReload (273ms)
		ReleaseScriptCaches (0ms)
		RebuildScriptCaches (0ms)
		SetupLoadedEditorAssemblies (195ms)
			LogAssemblyErrors (0ms)
			InitializePlatformSupportModulesInManaged (2ms)
			SetLoadedEditorAssemblies (2ms)
			RefreshPlugins (0ms)
			BeforeProcessingInitializeOnLoad (27ms)
			ProcessInitializeOnLoadAttributes (154ms)
			ProcessInitializeOnLoadMethodAttributes (9ms)
			AfterProcessingInitializeOnLoad (0ms)
			EditorAssembliesLoaded (0ms)
		ExecutionOrderSort2 (0ms)
		AwakeInstancesAfterBackupRestoration (2ms)
Launching external process: /Applications/Unity/Hub/Editor/2022.3.12f1/Unity.app/Contents/Tools/UnityShaderCompiler
Launched and connected shader compiler UnityShaderCompiler after 0.04 seconds
Refreshing native plugins compatible for Editor in 0.69 ms, found 2 plugins.
Preloading 0 native plugins for Editor in 0.00 ms.
Unloading 3082 Unused Serialized files (Serialized files now loaded: 0)
Unloading 32 unused Assets / (51.2 KB). Loaded Objects now: 3543.
Memory consumption went from 125.7 MB to 125.6 MB.
Total: 2.272000 ms (FindLiveObjects: 0.110875 ms CreateObjectMapping: 0.045292 ms MarkObjects: 2.047417 ms  DeleteObjects: 0.067917 ms)

AssetImportParameters requested are different than current active one (requested -> active):
  custom:container-demuxer-ogg: 62fdf1f143b41e24485cea50d1cbac27 -> 
  custom:video-decoder-ogg-theora: a1e56fd34408186e4bbccfd4996cb3dc -> 
  custom:CustomObjectIndexerAttribute: 756ad292c208cfabdd7b50bc23989ffe -> 
  custom:container-demuxer-webm: 4f35f7cbe854078d1ac9338744f61a02 -> 
  custom:container-muxer-webm: aa71ff27fc2769a1b78a27578f13a17b -> 
  custom:video-decoder-webm-vp8: 9c59270c3fd7afecdb556c50c9e8de78 -> 
  custom:SearchIndexIgnoredProperties: e643bd26f0fe6173181afceb89e7c659 -> 
  custom:AudioImporter_EditorPlatform: 3918e3fc78b5a79bad01e8451be0beb8 -> 
  custom:framework-osx-AVFoundation: e770b220cccbd017edd2c1fefb359320 -> 
  custom:video-encoder-webm-vp8: eb34c28f22e8b96e1ab97ce403110664 -> 
  custom:audio-decoder-ogg-vorbis: bf7c407c2cedff20999df2af8eb42d56 -> 
  custom:audio-encoder-webm-vorbis: bf7c407c2cedff20999df2af8eb42d56 -> 
========================================================================
Received Import Request.
  Time since last request: 860.633002 seconds.
  path: Assets/Art/Preview (Variation A).png
  artifactKey: Guid(1b996cee4cb254fb78c7626049430f9e) Importer(815301076,1909f56bfc062723c751e8b465ee728b)
Start importing Assets/Art/Preview (Variation A).png using Guid(1b996cee4cb254fb78c7626049430f9e) Importer(815301076,1909f56bfc062723c751e8b465ee728b)  -> (artifact id: '7b0dc742f7f2c0250f009a6eb02bd91a') in 0.026281 seconds
Number of updated asset objects reloaded before import = 0
Number of asset objects unloaded after import = 2
========================================================================
Received Import Request.
  Time since last request: 194.013550 seconds.
  path: Assets/Art/Models/FBX format/barrel.fbx
  artifactKey: Guid(5e9be3c7edae1461a8e5885ea2dd12d0) Importer(815301076,1909f56bfc062723c751e8b465ee728b)
Start importing Assets/Art/Models/FBX format/barrel.fbx using Guid(5e9be3c7edae1461a8e5885ea2dd12d0) Importer(815301076,1909f56bfc062723c751e8b465ee728b)  -> (artifact id: '9acb819aba18b9d442d547aa8ac6c83c') in 0.388308 seconds
Number of updated asset objects reloaded before import = 0
Number of asset objects unloaded after import = 9
========================================================================
Received Import Request.
  Time since last request: 0.000039 seconds.
  path: Assets/Art/Models/FBX format/gate.fbx
  artifactKey: Guid(017bb039bbead44aa9097f1fefa2de72) Importer(815301076,1909f56bfc062723c751e8b465ee728b)
Start importing Assets/Art/Models/FBX format/gate.fbx using Guid(017bb039bbead44aa9097f1fefa2de72) Importer(815301076,1909f56bfc062723c751e8b465ee728b)  -> (artifact id: '62ff1f6411a87bd074da5d915509ca3c') in 0.009552 seconds
Number of updated asset objects reloaded before import = 0
Number of asset objects unloaded after import = 14
========================================================================
Received Import Request.
  Time since last request: 0.000039 seconds.
  path: Assets/Art/Models/FBX format/trap.fbx
  artifactKey: Guid(3514caccb41ef4146837094e3926515c) Importer(815301076,1909f56bfc062723c751e8b465ee728b)
Start importing Assets/Art/Models/FBX format/trap.fbx using Guid(3514caccb41ef4146837094e3926515c) Importer(815301076,1909f56bfc062723c751e8b465ee728b)  -> (artifact id: '897ad4453c94a11f9e405d9515e1f692') in 0.009770 seconds
Number of updated asset objects reloaded before import = 0
Number of asset objects unloaded after import = 17
========================================================================
Received Import Request.
  Time since last request: 0.000080 seconds.
  path: Assets/Art/Models/FBX format/character-human.fbx
  artifactKey: Guid(f93b71dde33114ad9bd4a1ecd2136f94) Importer(815301076,1909f56bfc062723c751e8b465ee728b)
Start importing Assets/Art/Models/FBX format/character-human.fbx using Guid(f93b71dde33114ad9bd4a1ecd2136f94) Importer(815301076,1909f56bfc062723c751e8b465ee728b)  -> (artifact id: 'be66d7a39d9595bedb88f318fc7bfb2d') in 0.019293 seconds
Number of updated asset objects reloaded before import = 0
Number of asset objects unloaded after import = 63
========================================================================
Received Import Request.
  Time since last request: 0.000029 seconds.
  path: Assets/Art/Models/FBX format/floor.fbx
  artifactKey: Guid(84c283c83c4164e38b0507a300e40ea9) Importer(815301076,1909f56bfc062723c751e8b465ee728b)
Start importing Assets/Art/Models/FBX format/floor.fbx using Guid(84c283c83c4164e38b0507a300e40ea9) Importer(815301076,1909f56bfc062723c751e8b465ee728b)  -> (artifact id: 'c0b4a6718659e23f8580ff3e41865b01') in 0.005878 seconds
Number of updated asset objects reloaded before import = 0
Number of asset objects unloaded after import = 9
========================================================================
Received Import Request.
  Time since last request: 0.000060 seconds.
  path: Assets/Art/Models/FBX format/coin.fbx
  artifactKey: Guid(b3328c628aa0544d7bfbfaf749788b69) Importer(815301076,1909f56bfc062723c751e8b465ee728b)
Start importing Assets/Art/Models/FBX format/coin.fbx using Guid(b3328c628aa0544d7bfbfaf749788b69) Importer(815301076,1909f56bfc062723c751e8b465ee728b)  -> (artifact id: 'f8ec70b6b5d763ae668ebef8c3c7b1c0') in 0.006215 seconds
Number of updated asset objects reloaded before import = 0
Number of asset objects unloaded after import = 9
========================================================================
Received Import Request.
  Time since last request: 0.000044 seconds.
  path: Assets/Art/Models/FBX format/floor-detail.fbx
  artifactKey: Guid(b4ec04b2ce09b465b90377b812409b55) Importer(815301076,1909f56bfc062723c751e8b465ee728b)
Start importing Assets/Art/Models/FBX format/floor-detail.fbx using Guid(b4ec04b2ce09b465b90377b812409b55) Importer(815301076,1909f56bfc062723c751e8b465ee728b)  -> (artifact id: 'cdaa0e1819eb9d2721adc586d56022c1') in 0.005807 seconds
Number of updated asset objects reloaded before import = 0
Number of asset objects unloaded after import = 9
========================================================================
Received Import Request.
  Time since last request: 0.000039 seconds.
  path: Assets/Art/Models/FBX format/wood-structure.fbx
  artifactKey: Guid(3627825cddb814458b2655a67b9a452d) Importer(815301076,1909f56bfc062723c751e8b465ee728b)
Start importing Assets/Art/Models/FBX format/wood-structure.fbx using Guid(3627825cddb814458b2655a67b9a452d) Importer(815301076,1909f56bfc062723c751e8b465ee728b)  -> (artifact id: 'a600af456e7677402be7d414ddd38a0b') in 0.006340 seconds
Number of updated asset objects reloaded before import = 0
Number of asset objects unloaded after import = 9
========================================================================
Received Import Request.
  Time since last request: 0.000036 seconds.
  path: Assets/Art/Models/FBX format/wall-opening.fbx
  artifactKey: Guid(72662bb08eaf44455aa2cd3581c2ccc8) Importer(815301076,1909f56bfc062723c751e8b465ee728b)
Start importing Assets/Art/Models/FBX format/wall-opening.fbx using Guid(72662bb08eaf44455aa2cd3581c2ccc8) Importer(815301076,1909f56bfc062723c751e8b465ee728b)  -> (artifact id: '70e891ed008789435b3d8bb2ee34c138') in 0.006560 seconds
Number of updated asset objects reloaded before import = 0
Number of asset objects unloaded after import = 9
========================================================================
Received Import Request.
  Time since last request: 57.792668 seconds.
  path: Assets/Art/character-human.fbx
  artifactKey: Guid(7de3c640196094c1b95ec65d8229ab73) Importer(815301076,1909f56bfc062723c751e8b465ee728b)
Start importing Assets/Art/character-human.fbx using Guid(7de3c640196094c1b95ec65d8229ab73) Importer(815301076,1909f56bfc062723c751e8b465ee728b)  -> (artifact id: '9d30dc65da034b4f73f7458762819dc2') in 0.021521 seconds
Number of updated asset objects reloaded before import = 0
Number of asset objects unloaded after import = 63
========================================================================
Received Import Request.
  Time since last request: 0.000028 seconds.
  path: Assets/Art/stairs.fbx
  artifactKey: Guid(8cddff883b101451ebd5e63c069a97fa) Importer(815301076,1909f56bfc062723c751e8b465ee728b)
Start importing Assets/Art/stairs.fbx using Guid(8cddff883b101451ebd5e63c069a97fa) Importer(815301076,1909f56bfc062723c751e8b465ee728b)  -> (artifact id: 'af939dac93399fe2f928b28a46a5eacd') in 0.006554 seconds
Number of updated asset objects reloaded before import = 0
Number of asset objects unloaded after import = 9
========================================================================
Received Import Request.
  Time since last request: 0.000048 seconds.
  path: Assets/Art/wood-support.fbx
  artifactKey: Guid(7bc835be2da8744b1826884e84985850) Importer(815301076,1909f56bfc062723c751e8b465ee728b)
Start importing Assets/Art/wood-support.fbx using Guid(7bc835be2da8744b1826884e84985850) Importer(815301076,1909f56bfc062723c751e8b465ee728b)  -> (artifact id: '8decb4b4a5d97bc44c7e4868d117436b') in 0.005674 seconds
Number of updated asset objects reloaded before import = 0
Number of asset objects unloaded after import = 9
========================================================================
Received Import Request.
  Time since last request: 0.000063 seconds.
  path: Assets/Art/wall-opening.fbx
  artifactKey: Guid(ed7fc19edc6e048538435a9823e1ce07) Importer(815301076,1909f56bfc062723c751e8b465ee728b)
Start importing Assets/Art/wall-opening.fbx using Guid(ed7fc19edc6e048538435a9823e1ce07) Importer(815301076,1909f56bfc062723c751e8b465ee728b)  -> (artifact id: 'c53d4a570b6bb30f58ef7ab78d5c1afc') in 0.005951 seconds
Number of updated asset objects reloaded before import = 0
Number of asset objects unloaded after import = 9
========================================================================
Received Import Request.
  Time since last request: 0.000040 seconds.
  path: Assets/Art/gate.fbx
  artifactKey: Guid(3b6030b032c7844c1b243f2e6756a4af) Importer(815301076,1909f56bfc062723c751e8b465ee728b)
Start importing Assets/Art/gate.fbx using Guid(3b6030b032c7844c1b243f2e6756a4af) Importer(815301076,1909f56bfc062723c751e8b465ee728b)  -> (artifact id: '899c5560878a8656cbcae96b6c4ab05e') in 0.007639 seconds
Number of updated asset objects reloaded before import = 0
Number of asset objects unloaded after import = 14
========================================================================
Received Import Request.
  Time since last request: 0.000050 seconds.
  path: Assets/Art/chest.fbx
  artifactKey: Guid(079fd8ade2a54434483f58b87984b222) Importer(815301076,1909f56bfc062723c751e8b465ee728b)
Start importing Assets/Art/chest.fbx using Guid(079fd8ade2a54434483f58b87984b222) Importer(815301076,1909f56bfc062723c751e8b465ee728b)  -> (artifact id: '5f6278c5e7a2b7f1e0df01c7fadf65e7') in 0.009384 seconds
Number of updated asset objects reloaded before import = 0
Number of asset objects unloaded after import = 17
========================================================================
Received Import Request.
  Time since last request: 0.000025 seconds.
  path: Assets/Art/coin.fbx
  artifactKey: Guid(f86de7e16a802412fbaf4caff3f2670b) Importer(815301076,1909f56bfc062723c751e8b465ee728b)
Start importing Assets/Art/coin.fbx using Guid(f86de7e16a802412fbaf4caff3f2670b) Importer(815301076,1909f56bfc062723c751e8b465ee728b)  -> (artifact id: '846c552a2a5f349f8935f6135f0adeb3') in 0.006153 seconds
Number of updated asset objects reloaded before import = 0
Number of asset objects unloaded after import = 9
========================================================================
Received Import Request.
  Time since last request: 0.000055 seconds.
  path: Assets/Art/wood-structure.fbx
  artifactKey: Guid(052bb22dc8c2249fd83bd79428a9527f) Importer(815301076,1909f56bfc062723c751e8b465ee728b)
Start importing Assets/Art/wood-structure.fbx using Guid(052bb22dc8c2249fd83bd79428a9527f) Importer(815301076,1909f56bfc062723c751e8b465ee728b)  -> (artifact id: '90f84c40ea6d6e70882e3ffc9fd35444') in 0.006024 seconds
Number of updated asset objects reloaded before import = 0
Number of asset objects unloaded after import = 9
========================================================================
Received Import Request.
  Time since last request: 0.000028 seconds.
  path: Assets/Art/wall.fbx
  artifactKey: Guid(6c97d02b5196e46ce9078569bb07882b) Importer(815301076,1909f56bfc062723c751e8b465ee728b)
Start importing Assets/Art/wall.fbx using Guid(6c97d02b5196e46ce9078569bb07882b) Importer(815301076,1909f56bfc062723c751e8b465ee728b)  -> (artifact id: 'c6c3d98312679c3dd5d7ad7dcd5d9f77') in 0.006208 seconds
Number of updated asset objects reloaded before import = 0
Number of asset objects unloaded after import = 9
Editor requested this worker to shutdown with reason: Scaling down because of idle timeout
TcpMessagingSession - receive error: operation aborted. errorcode: 89, details: Operation aborted.
AssetImportWorker is now disconnected from the server
Process exiting
